2017/09/14 19:36:31 [trace] [system.db.ar.CActiveRecord] Configs.find()
in /home/lishide/web/moreover_full/www/protected/models/Configs.php (97)
in /home/lishide/web/moreover_full/www/protected/views/layouts/main.php (8)
in /home/lishide/web/moreover_full/www/protected/modules/web/controllers/DefaultController.php (7)
2017/09/14 19:36:31 [trace] [system.db.CDbConnection] Opening DB connection
in /home/lishide/web/moreover_full/www/protected/models/Configs.php (97)
in /home/lishide/web/moreover_full/www/protected/views/layouts/main.php (8)
in /home/lishide/web/moreover_full/www/protected/modules/web/controllers/DefaultController.php (7)
2017/09/14 19:37:42 [trace] [system.db.ar.CActiveRecord] Configs.find()
in /home/lishide/web/moreover_full/www/protected/models/Configs.php (97)
in /home/lishide/web/moreover_full/www/protected/views/layouts/main.php (8)
in /home/lishide/web/moreover_full/www/protected/modules/web/controllers/DefaultController.php (7)
2017/09/14 19:37:42 [trace] [system.db.CDbConnection] Opening DB connection
in /home/lishide/web/moreover_full/www/protected/models/Configs.php (97)
in /home/lishide/web/moreover_full/www/protected/views/layouts/main.php (8)
in /home/lishide/web/moreover_full/www/protected/modules/web/controllers/DefaultController.php (7)
2017/09/14 19:37:42 [trace] [system.db.CDbCommand] Querying SQL: SHOW FULL COLUMNS FROM `configs`
in /home/lishide/web/moreover_full/www/protected/models/Configs.php (97)
in /home/lishide/web/moreover_full/www/protected/views/layouts/main.php (8)
in /home/lishide/web/moreover_full/www/protected/modules/web/controllers/DefaultController.php (7)
2017/09/14 19:37:42 [trace] [system.db.CDbCommand] Querying SQL: SHOW CREATE TABLE `configs`
in /home/lishide/web/moreover_full/www/protected/models/Configs.php (97)
in /home/lishide/web/moreover_full/www/protected/views/layouts/main.php (8)
in /home/lishide/web/moreover_full/www/protected/modules/web/controllers/DefaultController.php (7)
2017/09/14 19:37:42 [trace] [system.db.CDbCommand] Querying SQL: SELECT * FROM `configs` `t` WHERE t.key = :k LIMIT 1. Bound with :k='seo_title'
in /home/lishide/web/moreover_full/www/protected/models/Configs.php (97)
in /home/lishide/web/moreover_full/www/protected/views/layouts/main.php (8)
in /home/lishide/web/moreover_full/www/protected/modules/web/controllers/DefaultController.php (7)
2017/09/14 19:37:42 [trace] [system.db.ar.CActiveRecord] Configs.find()
in /home/lishide/web/moreover_full/www/protected/models/Configs.php (97)
in /home/lishide/web/moreover_full/www/protected/views/layouts/main.php (10)
in /home/lishide/web/moreover_full/www/protected/modules/web/controllers/DefaultController.php (7)
2017/09/14 19:37:42 [trace] [system.db.CDbCommand] Querying SQL: SELECT * FROM `configs` `t` WHERE t.key = :k LIMIT 1. Bound with :k='seo_keywords'
in /home/lishide/web/moreover_full/www/protected/models/Configs.php (97)
in /home/lishide/web/moreover_full/www/protected/views/layouts/main.php (10)
in /home/lishide/web/moreover_full/www/protected/modules/web/controllers/DefaultController.php (7)
2017/09/14 19:37:42 [trace] [system.db.ar.CActiveRecord] Configs.find()
in /home/lishide/web/moreover_full/www/protected/models/Configs.php (97)
in /home/lishide/web/moreover_full/www/protected/views/layouts/main.php (12)
in /home/lishide/web/moreover_full/www/protected/modules/web/controllers/DefaultController.php (7)
2017/09/14 19:37:42 [trace] [system.db.CDbCommand] Querying SQL: SELECT * FROM `configs` `t` WHERE t.key = :k LIMIT 1. Bound with :k='seo_description'
in /home/lishide/web/moreover_full/www/protected/models/Configs.php (97)
in /home/lishide/web/moreover_full/www/protected/views/layouts/main.php (12)
in /home/lishide/web/moreover_full/www/protected/modules/web/controllers/DefaultController.php (7)
2017/09/14 19:38:13 [trace] [system.db.ar.CActiveRecord] Configs.find()
in /home/lishide/web/moreover_full/www/protected/models/Configs.php (97)
in /home/lishide/web/moreover_full/www/protected/views/layouts/main.php (8)
in /home/lishide/web/moreover_full/www/protected/modules/web/controllers/DefaultController.php (7)
2017/09/14 19:38:13 [trace] [system.db.CDbConnection] Opening DB connection
in /home/lishide/web/moreover_full/www/protected/models/Configs.php (97)
in /home/lishide/web/moreover_full/www/protected/views/layouts/main.php (8)
in /home/lishide/web/moreover_full/www/protected/modules/web/controllers/DefaultController.php (7)
2017/09/14 19:38:13 [trace] [system.db.CDbCommand] Querying SQL: SHOW FULL COLUMNS FROM `configs`
in /home/lishide/web/moreover_full/www/protected/models/Configs.php (97)
in /home/lishide/web/moreover_full/www/protected/views/layouts/main.php (8)
in /home/lishide/web/moreover_full/www/protected/modules/web/controllers/DefaultController.php (7)
2017/09/14 19:38:13 [trace] [system.db.CDbCommand] Querying SQL: SHOW CREATE TABLE `configs`
in /home/lishide/web/moreover_full/www/protected/models/Configs.php (97)
in /home/lishide/web/moreover_full/www/protected/views/layouts/main.php (8)
in /home/lishide/web/moreover_full/www/protected/modules/web/controllers/DefaultController.php (7)
2017/09/14 19:38:13 [trace] [system.db.CDbCommand] Querying SQL: SELECT * FROM `configs` `t` WHERE t.key = :k LIMIT 1. Bound with :k='seo_title'
in /home/lishide/web/moreover_full/www/protected/models/Configs.php (97)
in /home/lishide/web/moreover_full/www/protected/views/layouts/main.php (8)
in /home/lishide/web/moreover_full/www/protected/modules/web/controllers/DefaultController.php (7)
2017/09/14 19:38:13 [trace] [system.db.ar.CActiveRecord] Configs.find()
in /home/lishide/web/moreover_full/www/protected/models/Configs.php (97)
in /home/lishide/web/moreover_full/www/protected/views/layouts/main.php (10)
in /home/lishide/web/moreover_full/www/protected/modules/web/controllers/DefaultController.php (7)
2017/09/14 19:38:13 [trace] [system.db.CDbCommand] Querying SQL: SELECT * FROM `configs` `t` WHERE t.key = :k LIMIT 1. Bound with :k='seo_keywords'
in /home/lishide/web/moreover_full/www/protected/models/Configs.php (97)
in /home/lishide/web/moreover_full/www/protected/views/layouts/main.php (10)
in /home/lishide/web/moreover_full/www/protected/modules/web/controllers/DefaultController.php (7)
2017/09/14 19:38:13 [trace] [system.db.ar.CActiveRecord] Configs.find()
in /home/lishide/web/moreover_full/www/protected/models/Configs.php (97)
in /home/lishide/web/moreover_full/www/protected/views/layouts/main.php (12)
in /home/lishide/web/moreover_full/www/protected/modules/web/controllers/DefaultController.php (7)
2017/09/14 19:38:13 [trace] [system.db.CDbCommand] Querying SQL: SELECT * FROM `configs` `t` WHERE t.key = :k LIMIT 1. Bound with :k='seo_description'
in /home/lishide/web/moreover_full/www/protected/models/Configs.php (97)
in /home/lishide/web/moreover_full/www/protected/views/layouts/main.php (12)
in /home/lishide/web/moreover_full/www/protected/modules/web/controllers/DefaultController.php (7)
2017/09/14 19:55:39 [trace] [system.db.ar.CActiveRecord] Configs.find()
in /home/lishide/web/moreover_full/www/protected/models/Configs.php (97)
in /home/lishide/web/moreover_full/www/protected/views/layouts/main.php (8)
in /home/lishide/web/moreover_full/www/protected/modules/web/controllers/DefaultController.php (7)
2017/09/14 19:55:39 [trace] [system.db.CDbConnection] Opening DB connection
in /home/lishide/web/moreover_full/www/protected/models/Configs.php (97)
in /home/lishide/web/moreover_full/www/protected/views/layouts/main.php (8)
in /home/lishide/web/moreover_full/www/protected/modules/web/controllers/DefaultController.php (7)
2017/09/14 19:55:39 [trace] [system.db.CDbCommand] Querying SQL: SHOW FULL COLUMNS FROM `configs`
in /home/lishide/web/moreover_full/www/protected/models/Configs.php (97)
in /home/lishide/web/moreover_full/www/protected/views/layouts/main.php (8)
in /home/lishide/web/moreover_full/www/protected/modules/web/controllers/DefaultController.php (7)
2017/09/14 19:55:39 [trace] [system.db.CDbCommand] Querying SQL: SHOW CREATE TABLE `configs`
in /home/lishide/web/moreover_full/www/protected/models/Configs.php (97)
in /home/lishide/web/moreover_full/www/protected/views/layouts/main.php (8)
in /home/lishide/web/moreover_full/www/protected/modules/web/controllers/DefaultController.php (7)
2017/09/14 19:55:39 [trace] [system.db.CDbCommand] Querying SQL: SELECT * FROM `configs` `t` WHERE t.key = :k LIMIT 1. Bound with :k='seo_title'
in /home/lishide/web/moreover_full/www/protected/models/Configs.php (97)
in /home/lishide/web/moreover_full/www/protected/views/layouts/main.php (8)
in /home/lishide/web/moreover_full/www/protected/modules/web/controllers/DefaultController.php (7)
2017/09/14 19:55:39 [trace] [system.db.ar.CActiveRecord] Configs.find()
in /home/lishide/web/moreover_full/www/protected/models/Configs.php (97)
in /home/lishide/web/moreover_full/www/protected/views/layouts/main.php (10)
in /home/lishide/web/moreover_full/www/protected/modules/web/controllers/DefaultController.php (7)
2017/09/14 19:55:39 [trace] [system.db.CDbCommand] Querying SQL: SELECT * FROM `configs` `t` WHERE t.key = :k LIMIT 1. Bound with :k='seo_keywords'
in /home/lishide/web/moreover_full/www/protected/models/Configs.php (97)
in /home/lishide/web/moreover_full/www/protected/views/layouts/main.php (10)
in /home/lishide/web/moreover_full/www/protected/modules/web/controllers/DefaultController.php (7)
2017/09/14 19:55:39 [trace] [system.db.ar.CActiveRecord] Configs.find()
in /home/lishide/web/moreover_full/www/protected/models/Configs.php (97)
in /home/lishide/web/moreover_full/www/protected/views/layouts/main.php (12)
in /home/lishide/web/moreover_full/www/protected/modules/web/controllers/DefaultController.php (7)
2017/09/14 19:55:39 [trace] [system.db.CDbCommand] Querying SQL: SELECT * FROM `configs` `t` WHERE t.key = :k LIMIT 1. Bound with :k='seo_description'
in /home/lishide/web/moreover_full/www/protected/models/Configs.php (97)
in /home/lishide/web/moreover_full/www/protected/views/layouts/main.php (12)
in /home/lishide/web/moreover_full/www/protected/modules/web/controllers/DefaultController.php (7)
2017/09/14 20:17:27 [trace] [system.db.ar.CActiveRecord] Configs.find()
in /home/lishide/web/moreover_full/www/protected/models/Configs.php (97)
in /home/lishide/web/moreover_full/www/protected/views/layouts/main.php (8)
in /home/lishide/web/moreover_full/www/protected/modules/web/controllers/DefaultController.php (7)
2017/09/14 20:17:27 [trace] [system.db.CDbConnection] Opening DB connection
in /home/lishide/web/moreover_full/www/protected/models/Configs.php (97)
in /home/lishide/web/moreover_full/www/protected/views/layouts/main.php (8)
in /home/lishide/web/moreover_full/www/protected/modules/web/controllers/DefaultController.php (7)
2017/09/14 20:18:31 [trace] [system.db.ar.CActiveRecord] Configs.find()
in /home/lishide/web/moreover_full/www/protected/models/Configs.php (97)
in /home/lishide/web/moreover_full/www/protected/views/layouts/main.php (8)
in /home/lishide/web/moreover_full/www/protected/modules/web/controllers/DefaultController.php (7)
2017/09/14 20:18:31 [trace] [system.db.CDbConnection] Opening DB connection
in /home/lishide/web/moreover_full/www/protected/models/Configs.php (97)
in /home/lishide/web/moreover_full/www/protected/views/layouts/main.php (8)
in /home/lishide/web/moreover_full/www/protected/modules/web/controllers/DefaultController.php (7)
2017/09/14 20:18:31 [trace] [system.db.CDbCommand] Querying SQL: SHOW FULL COLUMNS FROM `configs`
in /home/lishide/web/moreover_full/www/protected/models/Configs.php (97)
in /home/lishide/web/moreover_full/www/protected/views/layouts/main.php (8)
in /home/lishide/web/moreover_full/www/protected/modules/web/controllers/DefaultController.php (7)
2017/09/14 20:18:31 [trace] [system.db.CDbCommand] Querying SQL: SHOW CREATE TABLE `configs`
in /home/lishide/web/moreover_full/www/protected/models/Configs.php (97)
in /home/lishide/web/moreover_full/www/protected/views/layouts/main.php (8)
in /home/lishide/web/moreover_full/www/protected/modules/web/controllers/DefaultController.php (7)
2017/09/14 20:18:31 [trace] [system.db.CDbCommand] Querying SQL: SELECT * FROM `configs` `t` WHERE t.key = :k LIMIT 1. Bound with :k='seo_title'
in /home/lishide/web/moreover_full/www/protected/models/Configs.php (97)
in /home/lishide/web/moreover_full/www/protected/views/layouts/main.php (8)
in /home/lishide/web/moreover_full/www/protected/modules/web/controllers/DefaultController.php (7)
2017/09/14 20:18:31 [trace] [system.db.ar.CActiveRecord] Configs.find()
in /home/lishide/web/moreover_full/www/protected/models/Configs.php (97)
in /home/lishide/web/moreover_full/www/protected/views/layouts/main.php (10)
in /home/lishide/web/moreover_full/www/protected/modules/web/controllers/DefaultController.php (7)
2017/09/14 20:18:31 [trace] [system.db.CDbCommand] Querying SQL: SELECT * FROM `configs` `t` WHERE t.key = :k LIMIT 1. Bound with :k='seo_keywords'
in /home/lishide/web/moreover_full/www/protected/models/Configs.php (97)
in /home/lishide/web/moreover_full/www/protected/views/layouts/main.php (10)
in /home/lishide/web/moreover_full/www/protected/modules/web/controllers/DefaultController.php (7)
2017/09/14 20:18:31 [trace] [system.db.ar.CActiveRecord] Configs.find()
in /home/lishide/web/moreover_full/www/protected/models/Configs.php (97)
in /home/lishide/web/moreover_full/www/protected/views/layouts/main.php (12)
in /home/lishide/web/moreover_full/www/protected/modules/web/controllers/DefaultController.php (7)
2017/09/14 20:18:31 [trace] [system.db.CDbCommand] Querying SQL: SELECT * FROM `configs` `t` WHERE t.key = :k LIMIT 1. Bound with :k='seo_description'
in /home/lishide/web/moreover_full/www/protected/models/Configs.php (97)
in /home/lishide/web/moreover_full/www/protected/views/layouts/main.php (12)
in /home/lishide/web/moreover_full/www/protected/modules/web/controllers/DefaultController.php (7)
2017/09/14 20:19:05 [trace] [system.db.ar.CActiveRecord] Configs.find()
in /home/lishide/web/moreover_full/www/protected/models/Configs.php (97)
in /home/lishide/web/moreover_full/www/protected/views/layouts/main.php (8)
in /home/lishide/web/moreover_full/www/protected/modules/web/controllers/DefaultController.php (7)
2017/09/14 20:19:05 [trace] [system.db.CDbConnection] Opening DB connection
in /home/lishide/web/moreover_full/www/protected/models/Configs.php (97)
in /home/lishide/web/moreover_full/www/protected/views/layouts/main.php (8)
in /home/lishide/web/moreover_full/www/protected/modules/web/controllers/DefaultController.php (7)
2017/09/14 20:19:05 [trace] [system.db.CDbCommand] Querying SQL: SHOW FULL COLUMNS FROM `configs`
in /home/lishide/web/moreover_full/www/protected/models/Configs.php (97)
in /home/lishide/web/moreover_full/www/protected/views/layouts/main.php (8)
in /home/lishide/web/moreover_full/www/protected/modules/web/controllers/DefaultController.php (7)
2017/09/14 20:19:05 [trace] [system.db.CDbCommand] Querying SQL: SHOW CREATE TABLE `configs`
in /home/lishide/web/moreover_full/www/protected/models/Configs.php (97)
in /home/lishide/web/moreover_full/www/protected/views/layouts/main.php (8)
in /home/lishide/web/moreover_full/www/protected/modules/web/controllers/DefaultController.php (7)
2017/09/14 20:19:05 [trace] [system.db.CDbCommand] Querying SQL: SELECT * FROM `configs` `t` WHERE t.key = :k LIMIT 1. Bound with :k='seo_title'
in /home/lishide/web/moreover_full/www/protected/models/Configs.php (97)
in /home/lishide/web/moreover_full/www/protected/views/layouts/main.php (8)
in /home/lishide/web/moreover_full/www/protected/modules/web/controllers/DefaultController.php (7)
2017/09/14 20:19:05 [trace] [system.db.ar.CActiveRecord] Configs.find()
in /home/lishide/web/moreover_full/www/protected/models/Configs.php (97)
in /home/lishide/web/moreover_full/www/protected/views/layouts/main.php (10)
in /home/lishide/web/moreover_full/www/protected/modules/web/controllers/DefaultController.php (7)
2017/09/14 20:19:05 [trace] [system.db.CDbCommand] Querying SQL: SELECT * FROM `configs` `t` WHERE t.key = :k LIMIT 1. Bound with :k='seo_keywords'
in /home/lishide/web/moreover_full/www/protected/models/Configs.php (97)
in /home/lishide/web/moreover_full/www/protected/views/layouts/main.php (10)
in /home/lishide/web/moreover_full/www/protected/modules/web/controllers/DefaultController.php (7)
2017/09/14 20:19:05 [trace] [system.db.ar.CActiveRecord] Configs.find()
in /home/lishide/web/moreover_full/www/protected/models/Configs.php (97)
in /home/lishide/web/moreover_full/www/protected/views/layouts/main.php (12)
in /home/lishide/web/moreover_full/www/protected/modules/web/controllers/DefaultController.php (7)
2017/09/14 20:19:05 [trace] [system.db.CDbCommand] Querying SQL: SELECT * FROM `configs` `t` WHERE t.key = :k LIMIT 1. Bound with :k='seo_description'
in /home/lishide/web/moreover_full/www/protected/models/Configs.php (97)
in /home/lishide/web/moreover_full/www/protected/views/layouts/main.php (12)
in /home/lishide/web/moreover_full/www/protected/modules/web/controllers/DefaultController.php (7)
